<?xml version="1.0" encoding="UTF-8"?>
<!-- Generated by org.testng.reporters.JUnitReportReporter -->
<testsuite hostname="DESKTOP-9OKQOG7" failures="1" tests="1" name="day2.SearchForArtsAndCraftsTest" time="37.096" errors="0" timestamp="2022-06-12T00:06:26 IST" skipped="0">
  <testcase classname="day2.SearchForArtsAndCraftsTest" name="searchForArtsAndCrafts" time="37.096">
    <failure message="expected [Fevicryl DIY Self Painting Art of India Kit - Kalamkari Art (Acrylic Paints 12 shades x 20ml Each, Set of Round Brushes (2U), Pre-Designed Canvas Board 8&#039;&#039;x 10&#039;&#039;, DIY Workshop Incl…] but found [Fevicryl DIY Self Painting Art of India Kit - Kalamkari Art (Acrylic Paints 12 shades x 20ml Each, Set of Round Brushes (2U), Pre-Designed Canvas Board 8&#039;&#039;x 10&#039;&#039;, DIY Workshop Included) Gift for Artists, Students, Children]" type="java.lang.AssertionError">
      <![CDATA[java.lang.AssertionError: expected [Fevicryl DIY Self Painting Art of India Kit - Kalamkari Art (Acrylic Paints 12 shades x 20ml Each, Set of Round Brushes (2U), Pre-Designed Canvas Board 8''x 10'', DIY Workshop Incl…] but found [Fevicryl DIY Self Painting Art of India Kit - Kalamkari Art (Acrylic Paints 12 shades x 20ml Each, Set of Round Brushes (2U), Pre-Designed Canvas Board 8''x 10'', DIY Workshop Included) Gift for Artists, Students, Children]
at org.testng.Assert.fail(Assert.java:99)
at org.testng.Assert.failNotEquals(Assert.java:1037)
at org.testng.Assert.assertEqualsImpl(Assert.java:140)
at org.testng.Assert.assertEquals(Assert.java:122)
at org.testng.Assert.assertEquals(Assert.java:629)
at org.testng.Assert.assertEquals(Assert.java:639)
at day2.SearchForArtsAndCraftsTest.searchForArtsAndCrafts(SearchForArtsAndCraftsTest.java:41)
at java.base/jdk.internal.reflect.NativeMethodAccessorImpl.invoke0(Native Method)
at java.base/jdk.internal.reflect.NativeMethodAccessorImpl.invoke(NativeMethodAccessorImpl.java:78)
at java.base/jdk.internal.reflect.DelegatingMethodAccessorImpl.invoke(DelegatingMethodAccessorImpl.java:43)
at java.base/java.lang.reflect.Method.invoke(Method.java:567)
at org.testng.internal.MethodInvocationHelper.invokeMethod(MethodInvocationHelper.java:133)
at org.testng.internal.TestInvoker.invokeMethod(TestInvoker.java:598)
at org.testng.internal.TestInvoker.invokeTestMethod(TestInvoker.java:173)
at org.testng.internal.MethodRunner.runInSequence(MethodRunner.java:46)
at org.testng.internal.TestInvoker$MethodInvocationAgent.invoke(TestInvoker.java:824)
at org.testng.internal.TestInvoker.invokeTestMethods(TestInvoker.java:146)
at org.testng.internal.TestMethodWorker.invokeTestMethods(TestMethodWorker.java:146)
at org.testng.internal.TestMethodWorker.run(TestMethodWorker.java:128)
at java.base/java.util.ArrayList.forEach(ArrayList.java:1511)
at org.testng.TestRunner.privateRun(TestRunner.java:794)
at org.testng.TestRunner.run(TestRunner.java:596)
at org.testng.SuiteRunner.runTest(SuiteRunner.java:377)
at org.testng.SuiteRunner.runSequentially(SuiteRunner.java:371)
at org.testng.SuiteRunner.privateRun(SuiteRunner.java:332)
at org.testng.SuiteRunner.run(SuiteRunner.java:276)
at org.testng.SuiteRunnerWorker.runSuite(SuiteRunnerWorker.java:53)
at org.testng.SuiteRunnerWorker.run(SuiteRunnerWorker.java:96)
at org.testng.TestNG.runSuitesSequentially(TestNG.java:1212)
at org.testng.TestNG.runSuitesLocally(TestNG.java:1134)
at org.testng.TestNG.runSuites(TestNG.java:1063)
at org.testng.TestNG.run(TestNG.java:1031)
at org.testng.remote.AbstractRemoteTestNG.run(AbstractRemoteTestNG.java:115)
at org.testng.remote.RemoteTestNG.initAndRun(RemoteTestNG.java:251)
at org.testng.remote.RemoteTestNG.main(RemoteTestNG.java:77)
]]>
    </failure>
  </testcase> <!-- searchForArtsAndCrafts -->
  <system-out/>
</testsuite> <!-- day2.SearchForArtsAndCraftsTest -->
